{"total": {"lines":{"total":156,"covered":135,"skipped":0,"pct":86.53},"statements":{"total":165,"covered":141,"skipped":0,"pct":85.45},"functions":{"total":25,"covered":22,"skipped":0,"pct":88},"branches":{"total":64,"covered":49,"skipped":0,"pct":76.56},"branchesTrue":{"total":0,"covered":0,"skipped":0,"pct":"Unknown"}}
,"/Users/matatjahu/Documents/AsyncAPI/converter-js/src/convert.ts": {"lines":{"total":108,"covered":100,"skipped":0,"pct":92.59},"functions":{"total":17,"covered":16,"skipped":0,"pct":94.11},"statements":{"total":116,"covered":106,"skipped":0,"pct":91.37},"branches":{"total":51,"covered":43,"skipped":0,"pct":84.31}}
,"/Users/matatjahu/Documents/AsyncAPI/converter-js/src/index.ts": {"lines":{"total":1,"covered":0,"skipped":0,"pct":0},"functions":{"total":1,"covered":0,"skipped":0,"pct":0},"statements":{"total":2,"covered":0,"skipped":0,"pct":0},"branches":{"total":0,"covered":0,"skipped":0,"pct":100}}
,"/Users/matatjahu/Documents/AsyncAPI/converter-js/src/utils.ts": {"lines":{"total":47,"covered":35,"skipped":0,"pct":74.46},"functions":{"total":7,"covered":6,"skipped":0,"pct":85.71},"statements":{"total":47,"covered":35,"skipped":0,"pct":74.46},"branches":{"total":13,"covered":6,"skipped":0,"pct":46.15}}
}
