TN:
SF:src/convert.ts
FN:31,convert
FN:61,from__undefined__to__1_0_0
FN:66,from__1_0_0__to__1_1_0
FN:71,from__1_1_0__to__1_2_0
FN:76,from__1_2_0__to__2_0_0_rc1
FN:82,(anonymous_6)
FN:102,(anonymous_7)
FN:133,from__2_0_0_rc1__to__2_0_0_rc2
FN:139,(anonymous_9)
FN:148,(anonymous_10)
FN:151,(anonymous_11)
FN:152,(anonymous_12)
FN:188,(anonymous_13)
FN:197,from__2_0_0_rc2__to__2_0_0
FN:203,from__2_0_0__to__2_1_0
FN:208,from__2_1_0__to__2_2_0
FN:213,from__2_2_0__to__2_3_0
FNF:17
FNH:16
FNDA:29,convert
FNDA:0,from__undefined__to__1_0_0
FNDA:4,from__1_0_0__to__1_1_0
FNDA:8,from__1_1_0__to__1_2_0
FNDA:16,from__1_2_0__to__2_0_0_rc1
FNDA:16,(anonymous_6)
FNDA:48,(anonymous_7)
FNDA:13,from__2_0_0_rc1__to__2_0_0_rc2
FNDA:13,(anonymous_9)
FNDA:46,(anonymous_10)
FNDA:44,(anonymous_11)
FNDA:44,(anonymous_12)
FNDA:11,(anonymous_13)
FNDA:10,from__2_0_0_rc2__to__2_0_0
FNDA:8,from__2_0_0__to__2_1_0
FNDA:3,from__2_1_0__to__2_2_0
FNDA:2,from__2_2_0__to__2_3_0
DA:1,1
DA:3,1
DA:16,1
DA:27,1
DA:31,1
DA:32,29
DA:34,29
DA:35,29
DA:36,29
DA:38,29
DA:39,1
DA:41,28
DA:42,1
DA:44,27
DA:45,1
DA:49,26
DA:50,26
DA:51,26
DA:52,64
DA:55,26
DA:56,25
DA:58,1
DA:62,0
DA:63,0
DA:67,4
DA:68,4
DA:72,8
DA:73,8
DA:77,16
DA:78,16
DA:80,16
DA:81,16
DA:82,16
DA:83,16
DA:85,16
DA:89,16
DA:90,4
DA:92,16
DA:93,16
DA:96,16
DA:100,16
DA:101,12
DA:102,12
DA:103,48
DA:104,12
DA:106,48
DA:107,36
DA:109,48
DA:110,48
DA:112,48
DA:114,4
DA:115,2
DA:118,2
DA:119,2
DA:124,16
DA:125,16
DA:126,16
DA:127,16
DA:128,16
DA:130,16
DA:134,13
DA:135,13
DA:137,13
DA:138,13
DA:139,13
DA:140,13
DA:141,13
DA:142,13
DA:144,13
DA:147,13
DA:148,13
DA:149,46
DA:150,44
DA:151,44
DA:152,44
DA:153,44
DA:154,44
DA:155,44
DA:157,44
DA:160,46
DA:161,13
DA:162,13
DA:165,46
DA:166,34
DA:167,34
DA:170,46
DA:171,0
DA:172,0
DA:175,46
DA:176,0
DA:177,0
DA:180,46
DA:181,0
DA:182,0
DA:187,13
DA:188,11
DA:189,11
DA:193,13
DA:194,13
DA:198,10
DA:199,10
DA:200,10
DA:204,8
DA:205,8
DA:209,3
DA:210,3
DA:214,2
DA:215,2
LF:108
LH:100
BRDA:31,0,0,29
BRDA:38,1,0,1
BRDA:38,2,0,29
BRDA:38,2,1,28
BRDA:41,3,0,1
BRDA:44,4,0,1
BRDA:55,5,0,25
BRDA:78,6,0,16
BRDA:78,6,1,16
BRDA:80,7,0,16
BRDA:89,8,0,4
BRDA:92,9,0,16
BRDA:100,10,0,12
BRDA:100,10,1,4
BRDA:101,11,0,12
BRDA:101,11,1,0
BRDA:103,12,0,12
BRDA:106,13,0,36
BRDA:114,14,0,2
BRDA:114,14,1,2
BRDA:118,15,0,2
BRDA:135,16,0,13
BRDA:135,16,1,0
BRDA:137,17,0,13
BRDA:140,18,0,0
BRDA:141,19,0,13
BRDA:141,19,1,0
BRDA:147,20,0,13
BRDA:149,21,0,44
BRDA:153,22,0,44
BRDA:153,22,1,44
BRDA:154,23,0,0
BRDA:160,24,0,13
BRDA:160,25,0,46
BRDA:160,25,1,13
BRDA:165,26,0,34
BRDA:165,27,0,46
BRDA:165,27,1,34
BRDA:170,28,0,0
BRDA:175,29,0,0
BRDA:175,30,0,46
BRDA:175,30,1,13
BRDA:180,31,0,0
BRDA:180,32,0,46
BRDA:180,32,1,34
BRDA:187,33,0,11
BRDA:187,34,0,13
BRDA:187,34,1,13
BRDA:189,35,0,11
BRDA:193,36,0,13
BRDA:199,37,0,10
BRF:51
BRH:43
end_of_record
TN:
SF:src/index.ts
FN:1,(anonymous_0)
FNF:1
FNH:0
FNDA:0,(anonymous_0)
DA:1,0
LF:1
LH:0
BRF:0
BRH:0
end_of_record
TN:
SF:src/utils.ts
FN:5,serializeInput
FN:47,eventToChannel
FN:66,streamToChannel
FN:85,objectToSchema
FN:89,dotsToSlashes
FN:93,convertMessage
FN:95,(anonymous_6)
FNF:7
FNH:6
FNDA:33,serializeInput
FNDA:2,eventToChannel
FNDA:2,streamToChannel
FNDA:0,objectToSchema
FNDA:48,dotsToSlashes
FNDA:47,convertMessage
FNDA:49,(anonymous_6)
DA:1,2
DA:5,2
DA:6,33
DA:7,33
DA:8,33
DA:9,0
DA:15,33
DA:16,2
DA:17,2
DA:23,0
DA:26,0
DA:31,31
DA:32,31
DA:33,0
DA:37,31
DA:42,1
DA:47,2
DA:48,2
DA:49,2
DA:50,2
DA:56,2
DA:57,2
DA:63,2
DA:66,2
DA:67,2
DA:68,2
DA:69,2
DA:75,2
DA:76,0
DA:82,2
DA:85,2
DA:86,0
DA:89,2
DA:90,48
DA:93,2
DA:94,47
DA:95,3
DA:96,49
DA:97,0
DA:98,0
DA:101,49
DA:102,0
DA:106,44
DA:107,0
DA:108,0
DA:111,44
DA:112,0
LF:47
LH:35
BRDA:8,0,0,0
BRDA:16,1,0,2
BRDA:32,2,0,0
BRDA:49,3,0,2
BRDA:56,4,0,2
BRDA:68,5,0,2
BRDA:75,6,0,0
BRDA:94,7,0,3
BRDA:94,7,1,44
BRDA:96,8,0,0
BRDA:101,9,0,0
BRDA:106,10,0,0
BRDA:111,11,0,0
BRF:13
BRH:6
end_of_record
